Scenario status: OK
========================================================================================================================
Run name: without app

Summary run status                                                     OK
                 
Artifacts dir                                                          2023-04-29_11-50-45 
OS                                                                     Linux               
DC Apps Performance Toolkit version                                    7.3.0 (OK: Toolkit is up to date)
Application                                                            jira 9.4.4          
Dataset info                                                           1052984 issues      
Application nodes count                                                1                   
Available Processors                                                   8                   
Deployment                                                             other               
Concurrency                                                            200                 
Expected test run duration from yml file                               2700 sec            
Actual test run duration                                               2898 sec            
Finished                                                               (True, 'OK')        
Compliant                                                              (True, 'OK')        
Success                                                                (True, 'OK')        
Has app-specific actions                                               False               

Action                                                                Success Rate        90th Percentile     Status              
jmeter_login_and_view_dashboard                                        100.0               1.02                OK                  
jmeter_view_dashboard                                                  100.0               0.34                OK                  
jmeter_view_scrum_board                                                100.0               0.51                OK                  
jmeter_view_issue                                                      100.0               0.55                OK                  
jmeter_create_issue:open_quick_create                                  100.0               0.14                OK                  
jmeter_search_jql                                                      100.0               1.16                OK                  
jmeter_create_issue:fill_and_submit_issue_form                         100.0               0.44                OK                  
jmeter_view_kanban_board                                               100.0               0.47                OK                  
jmeter_view_backlog                                                    100.0               0.76                OK                  
jmeter_browse_projects                                                 100.0               0.23                OK                  
jmeter_edit_issue:open_editor                                          100.0               0.31                OK                  
jmeter_edit_issue:save_edit                                            100.0               0.72                OK                  
jmeter_view_project_summary                                            100.0               0.33                OK                  
jmeter_add_comment:open_comment                                        100.0               0.23                OK                  
jmeter_add_comment:save_comment                                        100.0               0.66                OK                  
jmeter_browse_boards                                                   100.0               0.24                OK                  
selenium_login:open_login_page                                         100.0               0.13                OK                  
selenium_login:login_and_view_dashboard                                100.0               1.43                OK                  
selenium_login                                                         100.0               1.55                OK                  
selenium_project_summary                                               100.0               0.43                OK                  
selenium_browse_projects_list                                          100.0               0.34                OK                  
selenium_browse_boards_list                                            100.0               1.1                 OK                  
selenium_create_issue:open_quick_create                                100.0               1.1                 OK                  
selenium_create_issue:fill_and_submit_issue_form:submit_issue_form     100.0               1.03                OK                  
selenium_create_issue:fill_and_submit_issue_form                       100.0               1.61                OK                  
selenium_create_issue                                                  100.0               2.67                OK                  
selenium_edit_issue:open_edit_issue_form                               100.0               0.63                OK                  
selenium_edit_issue:save_edit_issue_form                               100.0               0.64                OK                  
selenium_edit_issue                                                    100.0               2.02                OK                  
selenium_save_comment:open_comment_form                                100.0               0.29                OK                  
selenium_save_comment:submit_form                                      100.0               0.87                OK                  
selenium_save_comment                                                  100.0               2.03                OK                  
selenium_search_jql                                                    100.0               1.97                OK                  
selenium_view_scrum_board_backlog                                      100.0               1.63                OK                  
selenium_view_scrum_board                                              100.0               1.18                OK                  
selenium_view_kanban_board                                             100.0               1.31                OK                  
selenium_view_dashboard                                                100.0               0.33                OK                  
selenium_view_issue                                                    100.0               0.62                OK                  
selenium_log_out                                                       100.0               0.37                OK                  

========================================================================================================================
Run name: with app

Summary run status                                                     OK
                 
Artifacts dir                                                          2023-04-29_13-45-53 
OS                                                                     Linux               
DC Apps Performance Toolkit version                                    7.3.0 (OK: Toolkit is up to date)
Application                                                            jira 9.4.4          
Dataset info                                                           1054855 issues      
Application nodes count                                                1                   
Available Processors                                                   8                   
Deployment                                                             other               
Concurrency                                                            200                 
Expected test run duration from yml file                               2700 sec            
Actual test run duration                                               2897 sec            
Finished                                                               (True, 'OK')        
Compliant                                                              (True, 'OK')        
Success                                                                (True, 'OK')        
Has app-specific actions                                               False               

Action                                                                Success Rate        90th Percentile     Status              
jmeter_login_and_view_dashboard                                        100.0               0.95                OK                  
jmeter_view_issue                                                      100.0               0.63                OK                  
jmeter_view_dashboard                                                  100.0               0.38                OK                  
jmeter_search_jql                                                      100.0               1.15                OK                  
jmeter_view_scrum_board                                                100.0               0.52                OK                  
jmeter_view_backlog                                                    100.0               0.87                OK                  
jmeter_create_issue:open_quick_create                                  100.0               0.14                OK                  
jmeter_create_issue:fill_and_submit_issue_form                         100.0               0.49                OK                  
jmeter_browse_projects                                                 100.0               0.22                OK                  
jmeter_view_kanban_board                                               100.0               0.43                OK                  
jmeter_edit_issue:open_editor                                          100.0               0.31                OK                  
jmeter_edit_issue:save_edit                                            100.0               0.68                OK                  
jmeter_view_project_summary                                            100.0               0.29                OK                  
jmeter_add_comment:open_comment                                        100.0               0.16                OK                  
jmeter_add_comment:save_comment                                        100.0               0.66                OK                  
jmeter_browse_boards                                                   100.0               0.3                 OK                  
selenium_login:open_login_page                                         100.0               0.12                OK                  
selenium_login:login_and_view_dashboard                                100.0               1.34                OK                  
selenium_login                                                         100.0               1.44                OK                  
selenium_project_summary                                               100.0               0.44                OK                  
selenium_browse_projects_list                                          100.0               0.35                OK                  
selenium_browse_boards_list                                            100.0               1.07                OK                  
selenium_create_issue:open_quick_create                                100.0               1.09                OK                  
selenium_create_issue:fill_and_submit_issue_form:submit_issue_form     100.0               1.01                OK                  
selenium_create_issue:fill_and_submit_issue_form                       100.0               1.6                 OK                  
selenium_create_issue                                                  100.0               2.68                OK                  
selenium_edit_issue:open_edit_issue_form                               100.0               0.53                OK                  
selenium_edit_issue:save_edit_issue_form                               100.0               0.56                OK                  
selenium_edit_issue                                                    100.0               1.6                 OK                  
selenium_save_comment:open_comment_form                                100.0               0.29                OK                  
selenium_save_comment:submit_form                                      100.0               0.81                OK                  
selenium_save_comment                                                  100.0               1.99                OK                  
selenium_search_jql                                                    100.0               1.8                 OK                  
selenium_view_scrum_board_backlog                                      100.0               1.62                OK                  
selenium_view_scrum_board                                              100.0               1.19                OK                  
selenium_view_kanban_board                                             100.0               1.28                OK                  
selenium_view_dashboard                                                100.0               0.29                OK                  
selenium_view_issue                                                    100.0               0.59                OK                  
selenium_log_out                                                       100.0               0.35                OK                  

========================================================================================================================
