Scenario status: OK
========================================================================================================================
Run name: without app

Summary run status                                                     OK
                 
Artifacts dir                                                          2022-04-30_14-29-33 
OS                                                                     Linux               
DC Apps Performance Toolkit version                                    6.1.0 (OK: Toolkit is up to date)
Application                                                            jira 8.20.6         
Dataset info                                                           1054743 issues      
Application nodes count                                                1                   
Concurrency                                                            200                 
Expected test run duration from yml file                               2700 sec            
Actual test run duration                                               2897 sec            
Finished                                                               (True, 'OK')        
Compliant                                                              (True, 'OK')        
Success                                                                (True, 'OK')        
Has app-specific actions                                               False               

Action                                                                Success Rate        90th Percentile     Status              
jmeter_login_and_view_dashboard                                        100.0               0.39                OK                  
jmeter_view_issue                                                      100.0               0.24                OK                  
jmeter_search_jql                                                      100.0               0.57                OK                  
jmeter_view_dashboard                                                  100.0               0.1                 OK                  
jmeter_view_scrum_board                                                100.0               0.18                OK                  
jmeter_view_backlog                                                    100.0               0.39                OK                  
jmeter_create_issue:open_quick_create                                  100.0               0.08                OK                  
jmeter_create_issue:fill_and_submit_issue_form                         100.0               0.31                OK                  
jmeter_view_kanban_board                                               100.0               0.22                OK                  
jmeter_browse_projects                                                 100.0               0.07                OK                  
jmeter_edit_issue:open_editor                                          100.0               0.13                OK                  
jmeter_edit_issue:save_edit                                            100.0               0.39                OK                  
jmeter_view_project_summary                                            100.0               0.14                OK                  
jmeter_add_comment:open_comment                                        100.0               0.09                OK                  
jmeter_add_comment:save_comment                                        100.0               0.36                OK                  
jmeter_browse_boards                                                   100.0               0.08                OK                  
selenium_login:open_login_page                                         100.0               0.1                 OK                  
selenium_login:login_and_view_dashboard                                100.0               1.15                OK                  
selenium_login                                                         100.0               1.25                OK                  
selenium_browse_projects_list                                          100.0               0.24                OK                  
selenium_browse_boards_list                                            100.0               0.76                OK                  
selenium_create_issue:open_quick_create                                100.0               0.65                OK                  
selenium_create_issue:fill_and_submit_issue_form:submit_issue_form     100.0               0.61                OK                  
selenium_create_issue:fill_and_submit_issue_form                       100.0               1.16                OK                  
selenium_create_issue                                                  100.0               1.81                OK                  
selenium_edit_issue:open_edit_issue_form                               100.0               0.65                OK                  
selenium_edit_issue:save_edit_issue_form                               100.0               0.73                OK                  
selenium_edit_issue                                                    100.0               1.63                OK                  
selenium_save_comment:open_comment_form                                100.0               0.47                OK                  
selenium_save_comment:submit_form                                      100.0               0.76                OK                  
selenium_save_comment                                                  100.0               1.29                OK                  
selenium_search_jql                                                    100.0               1.38                OK                  
selenium_view_scrum_board_backlog                                      100.0               1.19                OK                  
selenium_view_scrum_board                                              100.0               0.88                OK                  
selenium_view_kanban_board                                             100.0               1.23                OK                  
selenium_view_dashboard                                                100.0               0.48                OK                  
selenium_view_issue                                                    100.0               0.6                 OK                  
selenium_project_summary                                               100.0               0.48                OK                  
selenium_log_out                                                       100.0               0.34                OK                  

========================================================================================================================
Run name: with app

Summary run status                                                     OK
                 
Artifacts dir                                                          2022-04-30_16-31-58 
OS                                                                     Linux               
DC Apps Performance Toolkit version                                    6.1.0 (OK: Toolkit is up to date)
Application                                                            jira 8.20.6         
Dataset info                                                           1056674 issues      
Application nodes count                                                1                   
Concurrency                                                            200                 
Expected test run duration from yml file                               2700 sec            
Actual test run duration                                               2897 sec            
Finished                                                               (True, 'OK')        
Compliant                                                              (True, 'OK')        
Success                                                                (True, 'OK')        
Has app-specific actions                                               False               

Action                                                                Success Rate        90th Percentile     Status              
jmeter_login_and_view_dashboard                                        100.0               0.44                OK                  
jmeter_view_issue                                                      100.0               0.25                OK                  
jmeter_view_dashboard                                                  100.0               0.11                OK                  
jmeter_search_jql                                                      100.0               0.58                OK                  
jmeter_view_scrum_board                                                100.0               0.19                OK                  
jmeter_view_backlog                                                    100.0               0.38                OK                  
jmeter_create_issue:open_quick_create                                  100.0               0.09                OK                  
jmeter_create_issue:fill_and_submit_issue_form                         100.0               0.32                OK                  
jmeter_view_kanban_board                                               100.0               0.21                OK                  
jmeter_browse_projects                                                 100.0               0.07                OK                  
jmeter_edit_issue:open_editor                                          100.0               0.12                OK                  
jmeter_edit_issue:save_edit                                            100.0               0.4                 OK                  
jmeter_view_project_summary                                            100.0               0.14                OK                  
jmeter_add_comment:open_comment                                        100.0               0.09                OK                  
jmeter_add_comment:save_comment                                        100.0               0.37                OK                  
jmeter_browse_boards                                                   100.0               0.08                OK                  
selenium_login:open_login_page                                         100.0               0.1                 OK                  
selenium_login:login_and_view_dashboard                                100.0               1.14                OK                  
selenium_login                                                         100.0               1.24                OK                  
selenium_browse_projects_list                                          100.0               0.26                OK                  
selenium_browse_boards_list                                            100.0               0.75                OK                  
selenium_create_issue:open_quick_create                                100.0               0.66                OK                  
selenium_create_issue:fill_and_submit_issue_form:submit_issue_form     100.0               0.61                OK                  
selenium_create_issue:fill_and_submit_issue_form                       100.0               1.17                OK                  
selenium_create_issue                                                  100.0               1.81                OK                  
selenium_edit_issue:open_edit_issue_form                               100.0               0.65                OK                  
selenium_edit_issue:save_edit_issue_form                               100.0               0.72                OK                  
selenium_edit_issue                                                    100.0               1.63                OK                  
selenium_save_comment:open_comment_form                                100.0               0.47                OK                  
selenium_save_comment:submit_form                                      100.0               0.76                OK                  
selenium_save_comment                                                  100.0               1.31                OK                  
selenium_search_jql                                                    100.0               1.14                OK                  
selenium_view_scrum_board_backlog                                      100.0               1.2                 OK                  
selenium_view_scrum_board                                              100.0               0.89                OK                  
selenium_view_kanban_board                                             100.0               1.23                OK                  
selenium_view_dashboard                                                100.0               0.51                OK                  
selenium_view_issue                                                    100.0               0.6                 OK                  
selenium_project_summary                                               100.0               0.51                OK                  
selenium_log_out                                                       100.0               0.35                OK                  

========================================================================================================================
