Scenario status: OK
========================================================================================================================
Run name: 1 Node

Summary run status                                                     OK
                 
Artifacts dir                                                          2024-04-14_15-22-02 
OS                                                                     Linux               
DC Apps Performance Toolkit version                                    8.1.0 (OK: Toolkit is up to date)
Application                                                            jira 9.12.4         
Dataset info                                                           1057728 issues      
Application nodes count                                                1                   
Available Processors                                                   6                   
Deployment                                                             terraform           
Concurrency                                                            200                 
Expected test run duration from yml file                               2700 sec            
Actual test run duration                                               2899 sec            
Finished                                                               (True, 'OK')        
Compliant                                                              (True, 'OK')        
Success                                                                (True, 'OK')        
Has app-specific actions                                               True                

Action                                                                Success Rate        90th Percentile     Status              
jmeter_login_and_view_dashboard                                        100.0               1.17                OK                  
jmeter_view_issue                                                      100.0               0.77                OK                  
jmeter_view_dashboard                                                  100.0               0.5                 OK                  
jmeter_search_jql                                                      100.0               1.45                OK                  
jmeter_view_scrum_board                                                100.0               0.64                OK                  
jmeter_view_backlog                                                    100.0               0.89                OK                  
jmeter_create_issue:open_quick_create                                  100.0               0.19                OK                  
jmeter_create_issue:fill_and_submit_issue_form                         100.0               0.71                OK                  
jmeter_view_kanban_board                                               100.0               0.67                OK                  
jmeter_browse_projects                                                 100.0               0.28                OK                  
jmeter_edit_issue:open_editor                                          100.0               0.45                OK                  
jmeter_edit_issue:save_edit                                            100.0               1.13                OK                  
jmeter_view_project_summary                                            100.0               0.43                OK                  
jmeter_add_comment:open_comment                                        100.0               0.31                OK                  
jmeter_add_comment:save_comment                                        100.0               0.92                OK                  
jmeter_browse_boards                                                   100.0               0.34                OK                  
selenium_login:open_login_page                                         100.0               0.17                OK                  
selenium_login:login_and_view_dashboard                                100.0               1.3                 OK                  
selenium_login                                                         100.0               1.43                OK                  
selenium_project_summary                                               100.0               0.41                OK                  
selenium_browse_projects_list                                          100.0               0.34                OK                  
selenium_browse_boards_list                                            100.0               0.36                OK                  
selenium_create_issue:open_quick_create                                100.0               1.46                OK                  
selenium_create_issue:fill_and_submit_issue_form:submit_issue_form     100.0               1.89                OK                  
selenium_create_issue:fill_and_submit_issue_form                       100.0               2.5                 OK                  
selenium_create_issue                                                  100.0               3.95                OK                  
selenium_edit_issue:open_edit_issue_form                               100.0               0.63                OK                  
selenium_edit_issue:save_edit_issue_form                               100.0               0.69                OK                  
selenium_edit_issue                                                    100.0               2.36                OK                  
selenium_save_comment:open_comment_form                                100.0               0.3                 OK                  
selenium_save_comment:submit_form                                      100.0               1.05                OK                  
selenium_save_comment                                                  100.0               2.61                OK                  
selenium_search_jql                                                    100.0               2.12                OK                  
selenium_view_scrum_board_backlog                                      100.0               1.87                OK                  
selenium_view_scrum_board                                              100.0               1.57                OK                  
selenium_view_kanban_board                                             100.0               1.58                OK                  
selenium_view_dashboard                                                100.0               0.32                OK                  
selenium_view_issue                                                    100.0               0.69                OK                  
selenium_log_out                                                       100.0               0.4                 OK                  
selenium_app_custom_action:view_sessions                               100.0               0.25                OK                  APP-SPECIFIC        
selenium_app_custom_action                                             100.0               0.26                OK                  APP-SPECIFIC        

========================================================================================================================
Run name: 2 Nodes

Summary run status                                                     OK
                 
Artifacts dir                                                          2024-04-14_17-12-49 
OS                                                                     Linux               
DC Apps Performance Toolkit version                                    8.1.0 (OK: Toolkit is up to date)
Application                                                            jira 9.12.4         
Dataset info                                                           1059569 issues      
Application nodes count                                                2                   
Available Processors                                                   6                   
Deployment                                                             terraform           
Concurrency                                                            200                 
Expected test run duration from yml file                               2700 sec            
Actual test run duration                                               2898 sec            
Finished                                                               (True, 'OK')        
Compliant                                                              (True, 'OK')        
Success                                                                (True, 'OK')        
Has app-specific actions                                               True                

Action                                                                Success Rate        90th Percentile     Status              
jmeter_login_and_view_dashboard                                        100.0               0.97                OK                  
jmeter_view_issue                                                      100.0               0.44                OK                  
jmeter_search_jql                                                      100.0               0.9                 OK                  
jmeter_view_dashboard                                                  100.0               0.25                OK                  
jmeter_view_scrum_board                                                100.0               0.33                OK                  
jmeter_view_backlog                                                    100.0               0.53                OK                  
jmeter_create_issue:open_quick_create                                  100.0               0.1                 OK                  
jmeter_view_kanban_board                                               100.0               0.39                OK                  
jmeter_create_issue:fill_and_submit_issue_form                         100.0               0.54                OK                  
jmeter_browse_projects                                                 100.0               0.13                OK                  
jmeter_view_project_summary                                            100.0               0.22                OK                  
jmeter_edit_issue:open_editor                                          100.0               0.23                OK                  
jmeter_edit_issue:save_edit                                            100.0               0.78                OK                  
jmeter_add_comment:open_comment                                        100.0               0.17                OK                  
jmeter_add_comment:save_comment                                        100.0               0.68                OK                  
jmeter_browse_boards                                                   100.0               0.17                OK                  
selenium_login:open_login_page                                         100.0               0.12                OK                  
selenium_login:login_and_view_dashboard                                100.0               0.68                OK                  
selenium_login                                                         100.0               0.81                OK                  
selenium_project_summary                                               100.0               0.37                OK                  
selenium_browse_projects_list                                          100.0               0.28                OK                  
selenium_browse_boards_list                                            100.0               0.23                OK                  
selenium_create_issue:open_quick_create                                100.0               1.49                OK                  
selenium_create_issue:fill_and_submit_issue_form:submit_issue_form     100.0               1.52                OK                  
selenium_create_issue:fill_and_submit_issue_form                       100.0               2.15                OK                  
selenium_create_issue                                                  100.0               3.62                OK                  
selenium_edit_issue:open_edit_issue_form                               100.0               0.5                 OK                  
selenium_edit_issue:save_edit_issue_form                               100.0               0.64                OK                  
selenium_edit_issue                                                    100.0               1.61                OK                  
selenium_save_comment:open_comment_form                                100.0               0.23                OK                  
selenium_save_comment:submit_form                                      100.0               0.92                OK                  
selenium_save_comment                                                  100.0               2.48                OK                  
selenium_search_jql                                                    100.0               1.71                OK                  
selenium_view_scrum_board_backlog                                      100.0               1.74                OK                  
selenium_view_scrum_board                                              100.0               1.58                OK                  
selenium_view_kanban_board                                             100.0               1.6                 OK                  
selenium_view_dashboard                                                100.0               0.25                OK                  
selenium_view_issue                                                    100.0               0.56                OK                  
selenium_log_out                                                       100.0               0.32                OK                  
selenium_app_custom_action:view_sessions                               100.0               0.18                OK                  APP-SPECIFIC        
selenium_app_custom_action                                             100.0               0.18                OK                  APP-SPECIFIC        

========================================================================================================================
Run name: 4 Nodes

Summary run status                                                     OK
                 
Artifacts dir                                                          2024-04-14_19-58-06 
OS                                                                     Linux               
DC Apps Performance Toolkit version                                    8.1.0 (OK: Toolkit is up to date)
Application                                                            jira 9.12.4         
Dataset info                                                           1061410 issues      
Application nodes count                                                4                   
Available Processors                                                   6                   
Deployment                                                             terraform           
Concurrency                                                            200                 
Expected test run duration from yml file                               2700 sec            
Actual test run duration                                               2899 sec            
Finished                                                               (True, 'OK')        
Compliant                                                              (True, 'OK')        
Success                                                                (True, 'OK')        
Has app-specific actions                                               True                

Action                                                                Success Rate        90th Percentile     Status              
jmeter_login_and_view_dashboard                                        100.0               1.11                OK                  
jmeter_view_issue                                                      100.0               0.42                OK                  
jmeter_view_dashboard                                                  100.0               0.24                OK                  
jmeter_search_jql                                                      100.0               0.84                OK                  
jmeter_create_issue:open_quick_create                                  100.0               0.12                OK                  
jmeter_view_scrum_board                                                100.0               0.32                OK                  
jmeter_view_backlog                                                    100.0               0.48                OK                  
jmeter_create_issue:fill_and_submit_issue_form                         100.0               0.55                OK                  
jmeter_view_kanban_board                                               100.0               0.36                OK                  
jmeter_browse_projects                                                 100.0               0.13                OK                  
jmeter_edit_issue:open_editor                                          100.0               0.22                OK                  
jmeter_edit_issue:save_edit                                            100.0               0.8                 OK                  
jmeter_view_project_summary                                            100.0               0.22                OK                  
jmeter_add_comment:open_comment                                        100.0               0.16                OK                  
jmeter_add_comment:save_comment                                        100.0               0.66                OK                  
jmeter_browse_boards                                                   100.0               0.14                OK                  
selenium_login:open_login_page                                         100.0               0.11                OK                  
selenium_login:login_and_view_dashboard                                100.0               0.68                OK                  
selenium_login                                                         100.0               0.81                OK                  
selenium_project_summary                                               100.0               0.39                OK                  
selenium_browse_projects_list                                          100.0               0.27                OK                  
selenium_browse_boards_list                                            100.0               0.26                OK                  
selenium_create_issue:open_quick_create                                100.0               1.4                 OK                  
selenium_create_issue:fill_and_submit_issue_form:submit_issue_form     100.0               1.54                OK                  
selenium_create_issue:fill_and_submit_issue_form                       100.0               2.18                OK                  
selenium_create_issue                                                  100.0               3.53                OK                  
selenium_edit_issue:open_edit_issue_form                               100.0               0.47                OK                  
selenium_edit_issue:save_edit_issue_form                               100.0               0.63                OK                  
selenium_edit_issue                                                    100.0               1.6                 OK                  
selenium_save_comment:open_comment_form                                100.0               0.22                OK                  
selenium_save_comment:submit_form                                      100.0               0.9                 OK                  
selenium_save_comment                                                  100.0               2.49                OK                  
selenium_search_jql                                                    100.0               1.69                OK                  
selenium_view_scrum_board_backlog                                      100.0               1.73                OK                  
selenium_view_scrum_board                                              100.0               1.59                OK                  
selenium_view_kanban_board                                             100.0               1.58                OK                  
selenium_view_dashboard                                                100.0               0.25                OK                  
selenium_view_issue                                                    100.0               0.53                OK                  
selenium_log_out                                                       100.0               0.33                OK                  
selenium_app_custom_action:view_sessions                               100.0               0.19                OK                  APP-SPECIFIC        
selenium_app_custom_action                                             100.0               0.19                OK                  APP-SPECIFIC        

========================================================================================================================
