Scenario status: OK
========================================================================================================================
Run name: 1 Node

Summary run status                                                     OK
                 
Artifacts dir                                                          2025-03-21_15-36-49 
OS                                                                     Linux               
DC Apps Performance Toolkit version                                    8.6.0 (OK: Toolkit is up to date)
Application                                                            jira 10.3.0         
Dataset info                                                           1060726 issues      
Application nodes count                                                1                   
Available Processors                                                   6                   
Deployment                                                             other               
Concurrency                                                            200                 
Expected test run duration from yml file                               2700 sec            
Actual test run duration                                               2897 sec            
Finished                                                               (True, 'OK')        
Compliant                                                              (True, 'OK')        
Success                                                                (True, 'OK')        
Has app-specific actions                                               True                

Action                                                                Success Rate        90th Percentile     Status              
jmeter_login_and_view_dashboard                                        100.0               0.57                OK                  
jmeter_view_issue                                                      100.0               0.37                OK                  
jmeter_view_dashboard                                                  100.0               0.24                OK                  
jmeter_search_jql                                                      100.0               0.81                OK                  
jmeter_view_scrum_board                                                100.0               0.33                OK                  
jmeter_view_backlog                                                    100.0               0.52                OK                  
jmeter_create_issue:open_quick_create                                  100.0               0.09                OK                  
jmeter_create_issue:fill_and_submit_issue_form                         100.0               0.38                OK                  
jmeter_view_kanban_board                                               100.0               0.36                OK                  
jmeter_browse_projects                                                 100.0               0.13                OK                  
jmeter_edit_issue:open_editor                                          100.0               0.19                OK                  
jmeter_edit_issue:save_edit                                            100.0               0.55                OK                  
jmeter_view_project_summary                                            100.0               0.21                OK                  
jmeter_add_comment:open_comment                                        100.0               0.14                OK                  
jmeter_add_comment:save_comment                                        100.0               0.51                OK                  
jmeter_browse_boards                                                   100.0               0.15                OK                  
selenium_login:open_login_page                                         100.0               1.18                OK                  
selenium_login:login_and_view_dashboard                                100.0               3.21                OK                  
selenium_login                                                         100.0               4.4                 OK                  
selenium_project_summary                                               100.0               0.5                 OK                  
selenium_browse_projects_list                                          100.0               0.29                OK                  
selenium_browse_boards_list                                            100.0               0.23                OK                  
selenium_create_issue:open_quick_create                                100.0               2.0                 OK                  
selenium_create_issue:fill_and_submit_issue_form:submit_issue_form     100.0               1.78                OK                  
selenium_create_issue:fill_and_submit_issue_form                       100.0               2.41                OK                  
selenium_create_issue                                                  100.0               4.4                 OK                  
selenium_edit_issue:open_edit_issue_form                               100.0               0.45                OK                  
selenium_edit_issue:save_edit_issue_form                               100.0               0.75                OK                  
selenium_edit_issue                                                    100.0               1.88                OK                  
selenium_save_comment:open_comment_form                                100.0               0.22                OK                  
selenium_save_comment:submit_form                                      100.0               0.76                OK                  
selenium_save_comment                                                  100.0               2.77                OK                  
selenium_search_jql                                                    100.0               1.94                OK                  
selenium_view_scrum_board_backlog                                      100.0               2.1                 OK                  
selenium_view_scrum_board                                              100.0               1.95                OK                  
selenium_view_kanban_board                                             100.0               1.97                OK                  
selenium_view_dashboard                                                100.0               0.24                OK                  
selenium_view_issue                                                    100.0               0.49                OK                  
selenium_log_out                                                       100.0               0.32                OK                  
selenium_app_custom_action:view_sessions                               100.0               0.18                OK                  APP-SPECIFIC        
selenium_app_custom_action                                             100.0               0.18                OK                  APP-SPECIFIC        

========================================================================================================================
Run name: 2 Nodes

Summary run status                                                     OK
                 
Artifacts dir                                                          2025-03-21_16-56-07 
OS                                                                     Linux               
DC Apps Performance Toolkit version                                    8.6.0 (OK: Toolkit is up to date)
Application                                                            jira 10.3.0         
Dataset info                                                           1062567 issues      
Application nodes count                                                2                   
Available Processors                                                   6                   
Deployment                                                             other               
Concurrency                                                            200                 
Expected test run duration from yml file                               2700 sec            
Actual test run duration                                               2897 sec            
Finished                                                               (True, 'OK')        
Compliant                                                              (True, 'OK')        
Success                                                                (True, 'OK')        
Has app-specific actions                                               True                

Action                                                                Success Rate        90th Percentile     Status              
jmeter_login_and_view_dashboard                                        100.0               0.65                OK                  
jmeter_view_issue                                                      100.0               0.32                OK                  
jmeter_search_jql                                                      100.0               0.69                OK                  
jmeter_view_dashboard                                                  100.0               0.2                 OK                  
jmeter_create_issue:open_quick_create                                  100.0               0.09                OK                  
jmeter_view_scrum_board                                                100.0               0.26                OK                  
jmeter_create_issue:fill_and_submit_issue_form                         100.0               0.34                OK                  
jmeter_view_backlog                                                    100.0               0.43                OK                  
jmeter_view_kanban_board                                               100.0               0.3                 OK                  
jmeter_browse_projects                                                 100.0               0.11                OK                  
jmeter_edit_issue:open_editor                                          100.0               0.16                OK                  
jmeter_edit_issue:save_edit                                            100.0               0.51                OK                  
jmeter_view_project_summary                                            100.0               0.18                OK                  
jmeter_add_comment:open_comment                                        100.0               0.12                OK                  
jmeter_add_comment:save_comment                                        100.0               0.45                OK                  
jmeter_browse_boards                                                   100.0               0.13                OK                  
selenium_login:open_login_page                                         100.0               1.18                OK                  
selenium_login:login_and_view_dashboard                                100.0               3.27                OK                  
selenium_login                                                         100.0               4.46                OK                  
selenium_project_summary                                               100.0               0.45                OK                  
selenium_browse_projects_list                                          100.0               0.28                OK                  
selenium_browse_boards_list                                            100.0               0.22                OK                  
selenium_create_issue:open_quick_create                                100.0               2.02                OK                  
selenium_create_issue:fill_and_submit_issue_form:submit_issue_form     100.0               1.8                 OK                  
selenium_create_issue:fill_and_submit_issue_form                       100.0               2.4                 OK                  
selenium_create_issue                                                  100.0               4.41                OK                  
selenium_edit_issue:open_edit_issue_form                               100.0               0.43                OK                  
selenium_edit_issue:save_edit_issue_form                               100.0               0.68                OK                  
selenium_edit_issue                                                    100.0               1.81                OK                  
selenium_save_comment:open_comment_form                                100.0               0.21                OK                  
selenium_save_comment:submit_form                                      100.0               0.71                OK                  
selenium_save_comment                                                  100.0               2.69                OK                  
selenium_search_jql                                                    100.0               2.04                OK                  
selenium_view_scrum_board_backlog                                      100.0               2.09                OK                  
selenium_view_scrum_board                                              100.0               1.98                OK                  
selenium_view_kanban_board                                             100.0               1.96                OK                  
selenium_view_dashboard                                                100.0               0.25                OK                  
selenium_view_issue                                                    100.0               0.47                OK                  
selenium_log_out                                                       100.0               0.32                OK                  
selenium_app_custom_action:view_sessions                               100.0               0.17                OK                  APP-SPECIFIC        
selenium_app_custom_action                                             100.0               0.17                OK                  APP-SPECIFIC        

========================================================================================================================
Run name: 4 Nodes

Summary run status                                                     OK
                 
Artifacts dir                                                          2025-03-21_17-58-15 
OS                                                                     Linux               
DC Apps Performance Toolkit version                                    8.6.0 (OK: Toolkit is up to date)
Application                                                            jira 10.3.0         
Dataset info                                                           1064408 issues      
Application nodes count                                                4                   
Available Processors                                                   6                   
Deployment                                                             other               
Concurrency                                                            200                 
Expected test run duration from yml file                               2700 sec            
Actual test run duration                                               2897 sec            
Finished                                                               (True, 'OK')        
Compliant                                                              (True, 'OK')        
Success                                                                (True, 'OK')        
Has app-specific actions                                               True                

Action                                                                Success Rate        90th Percentile     Status              
jmeter_login_and_view_dashboard                                        100.0               0.7                 OK                  
jmeter_view_issue                                                      100.0               0.33                OK                  
jmeter_view_dashboard                                                  100.0               0.21                OK                  
jmeter_search_jql                                                      100.0               0.72                OK                  
jmeter_view_scrum_board                                                100.0               0.29                OK                  
jmeter_view_backlog                                                    100.0               0.42                OK                  
jmeter_create_issue:open_quick_create                                  100.0               0.11                OK                  
jmeter_create_issue:fill_and_submit_issue_form                         100.0               0.33                OK                  
jmeter_browse_projects                                                 100.0               0.11                OK                  
jmeter_view_kanban_board                                               100.0               0.3                 OK                  
jmeter_edit_issue:open_editor                                          100.0               0.16                OK                  
jmeter_edit_issue:save_edit                                            100.0               0.54                OK                  
jmeter_view_project_summary                                            100.0               0.21                OK                  
jmeter_add_comment:open_comment                                        100.0               0.12                OK                  
jmeter_add_comment:save_comment                                        100.0               0.45                OK                  
jmeter_browse_boards                                                   100.0               0.15                OK                  
selenium_login:open_login_page                                         100.0               1.18                OK                  
selenium_login:login_and_view_dashboard                                100.0               3.24                OK                  
selenium_login                                                         100.0               4.41                OK                  
selenium_project_summary                                               100.0               0.49                OK                  
selenium_browse_projects_list                                          100.0               0.29                OK                  
selenium_browse_boards_list                                            100.0               0.22                OK                  
selenium_create_issue:open_quick_create                                100.0               1.99                OK                  
selenium_create_issue:fill_and_submit_issue_form:submit_issue_form     100.0               1.79                OK                  
selenium_create_issue:fill_and_submit_issue_form                       100.0               2.41                OK                  
selenium_create_issue                                                  100.0               4.38                OK                  
selenium_edit_issue:open_edit_issue_form                               100.0               0.44                OK                  
selenium_edit_issue:save_edit_issue_form                               100.0               0.77                OK                  
selenium_edit_issue                                                    100.0               1.91                OK                  
selenium_save_comment:open_comment_form                                100.0               0.21                OK                  
selenium_save_comment:submit_form                                      100.0               0.74                OK                  
selenium_save_comment                                                  100.0               2.71                OK                  
selenium_search_jql                                                    100.0               2.06                OK                  
selenium_view_scrum_board_backlog                                      100.0               2.05                OK                  
selenium_view_scrum_board                                              100.0               1.97                OK                  
selenium_view_kanban_board                                             100.0               1.96                OK                  
selenium_view_dashboard                                                100.0               0.24                OK                  
selenium_view_issue                                                    100.0               0.47                OK                  
selenium_log_out                                                       100.0               0.34                OK                  
selenium_app_custom_action:view_sessions                               100.0               0.18                OK                  APP-SPECIFIC        
selenium_app_custom_action                                             100.0               0.18                OK                  APP-SPECIFIC        

========================================================================================================================
